==3803== Memcheck, a memory error detector
==3803== Copyright (C) 2002-2012, and GNU GPL'd, by Julian Seward et al.
==3803== Using Valgrind-3.8.1 and LibVEX; rerun with -h for copyright info
==3803== Command: main test.txt
==3803== Parent PID: 32992
==3803== 
--3803-- 
--3803-- Valgrind options:
--3803--    --tool=memcheck
--3803--    --leak-check=full
--3803--    --verbose
--3803--    --log-file=memcheck.log
--3803--    --tool=memcheck
--3803--    --leak-check=full
--3803--    --verbose
--3803--    --log-file=memcheck.log
--3803-- Contents of /proc/version:
--3803--   Linux version 2.6.32-504.3.3.el6.x86_64 (mockbuild@x86-028.build.eng.bos.redhat.com) (gcc version 4.4.7 20120313 (Red Hat 4.4.7-9) (GCC) ) #1 SMP Fri Dec 12 16:05:43 EST 2014
--3803-- Arch and hwcaps: AMD64, amd64-sse3-cx16-avx
--3803-- Page sizes: currently 4096, max supported 4096
--3803-- Valgrind library directory: /usr/lib64/valgrind
--3803-- TT/TC: VG_(init_tt_tc) (startup of code management)
--3803-- TT/TC: cache: 8 sectors of 27597024 bytes each = 220776192 total
--3803-- TT/TC: table: 524168 total entries, max occupancy 340704 (65%)
==3803== Adding active redirection:
--3803--     new: 0xffffffffff600000 (???                 ) R-> (0000.0) 0x38049533 ???
==3803== Adding active redirection:
--3803--     new: 0xffffffffff600400 (???                 ) R-> (0000.0) 0x3804953d ???
==3803== Adding active redirection:
--3803--     new: 0xffffffffff600800 (???                 ) R-> (0000.0) 0x38049547 ???
--3803-- Reading syms from /home/shay/a/iflegman/368/ECE368_P1/PRJ1_A/main
--3803--    svma 0x00004008b0, avma 0x00004008b0
--3803-- Reading syms from /usr/lib64/valgrind/memcheck-amd64-linux
--3803--    svma 0x0038000000, avma 0x0038000000
--3803--    object doesn't have a dynamic symbol table
--3803-- Reading syms from /lib64/ld-2.12.so
--3803--    svma 0x3a6b800b00, avma 0x3a6b800b00
--3803--   Considering /usr/lib/debug/.build-id/5b/eb2450b75e84ff317c65f22af8b8112c25df63.debug ..
--3803--   .. build-id is valid
--3803-- summarise_context(loc_start = 0x10): cannot summarise(why=1):   
0x362: [0]={ 56(r3) { u  u  u  c-56 u  u  u  u  u  u  u  u  u  u  u  u  c-8 u  u  u  }
--3803-- summarise_context(loc_start = 0x369): cannot summarise(why=1):   
0x442: [0]={ 56(r3) { u  u  u  c-56 u  u  u  u  u  u  u  u  u  u  u  u  c-8 u  u  u  }
--3803-- summarise_context(loc_start = 0x447): cannot summarise(why=1):   
0x4d0: [0]={ 56(r3) { u  u  u  c-56 u  u  u  u  u  u  u  u  u  u  u  u  c-8 u  u  u  }
--3803-- summarise_context(loc_start = 0x4d7): cannot summarise(why=1):   
0x558: [0]={ 56(r3) { u  u  u  c-56 u  u  u  u  u  u  u  u  u  u  u  u  c-8 u  u  u  }
--3803-- summarise_context(loc_start = 0x2d): cannot summarise(why=1):   
0x4a: [0]={ 0(r5) { u  u  u  c0 u  u  r9 r8 u  u  u  u  c16 c24 c32 c40 r1 u  u  u  }
==3803== Adding active redirection:
--3803--     new: 0x3a6b8176d0 (strlen              ) R-> (0000.0) 0x38049551 vgPlain_amd64_linux_REDIR_FOR_strlen
--3803-- Scheduler: using generic scheduler lock implementation.
--3803-- Reading suppressions file: /usr/lib64/valgrind/default.supp
==3803== embedded gdbserver: reading from /tmp/vgdb-pipe-from-vgdb-to-3803-by-iflegman-on-ecegrid-thin5.ecn.purdue.edu
==3803== embedded gdbserver: writing to   /tmp/vgdb-pipe-to-vgdb-from-3803-by-iflegman-on-ecegrid-thin5.ecn.purdue.edu
==3803== embedded gdbserver: shared mem   /tmp/vgdb-pipe-shared-mem-vgdb-3803-by-iflegman-on-ecegrid-thin5.ecn.purdue.edu
==3803== 
==3803== TO CONTROL THIS PROCESS USING vgdb (which you probably
==3803== don't want to do, unless you know exactly what you're doing,
==3803== or are doing some strange experiment):
==3803==   /usr/lib64/valgrind/../../bin/vgdb --pid=3803 ...command...
==3803== 
==3803== TO DEBUG THIS PROCESS USING GDB: start GDB like this
==3803==   /path/to/gdb main
==3803== and then give GDB the following command
==3803==   target remote | /usr/lib64/valgrind/../../bin/vgdb --pid=3803
==3803== --pid is optional if only one valgrind process is running
==3803== 
--3803-- TT/TC: initialise sector 0
--3803-- REDIR: 0x3a6b8176d0 (strlen) redirected to 0x38049551 (vgPlain_amd64_linux_REDIR_FOR_strlen)
--3803-- Reading syms from /usr/lib64/valgrind/vgpreload_core-amd64-linux.so
--3803--    svma 0x0000000490, avma 0x0004801490
--3803-- Reading syms from /usr/lib64/valgrind/vgpreload_memcheck-amd64-linux.so
--3803--    svma 0x0000002cb0, avma 0x0004a04cb0
==3803== Adding active redirection:
--3803--     new: 0x3a6b8174e0 (index               ) R-> (2002.0) 0x04a07c30 index
==3803== Ignoring duplicate redirection:
--3803--     old: 0x3a6b8174e0 (index               ) R-> (2002.0) 0x04a07c30 index
--3803--     new: 0x3a6b8174e0 (index               ) R-> (2002.0) 0x04a07c00 strchr
==3803== Adding active redirection:
--3803--     new: 0x3a6b817560 (strcmp              ) R-> (2016.0) 0x04a08570 strcmp
==3803== Adding active redirection:
--3803--     new: 0x3a6b818600 (stpcpy              ) R-> (2020.0) 0x04a09980 stpcpy
--3803-- REDIR: 0x3a6b8174e0 (index) redirected to 0x4a07c30 (index)
--3803-- REDIR: 0x3a6b817560 (strcmp) redirected to 0x4a08570 (strcmp)
--3803-- Reading syms from /lib64/libm-2.12.so
--3803--    svma 0x3a6c003e70, avma 0x3a6c003e70
--3803--   Considering /usr/lib/debug/.build-id/a5/f11596a3c6c24c2304a996de37a1736c5715f9.debug ..
--3803--   .. build-id is valid
--3803-- Reading syms from /lib64/libc-2.12.so
--3803--    svma 0x3a6bc1eaa0, avma 0x3a6bc1eaa0
--3803--   Considering /usr/lib/debug/.build-id/22/aa38cca59a5df6cf07b8fc1778e2ee0384508e.debug ..
--3803--   .. build-id is valid
--3803-- summarise_context(loc_start = 0x33): cannot summarise(why=1):   
0x50: [0]={ 0(r5) { u  u  u  c0 u  u  r9 r8 u  u  u  u  c16 c24 c32 c40 r1 u  u  u  }
--3803-- summarise_context(loc_start = 0x35): cannot summarise(why=1):   
0x7d: [0]={ 0(r5) { u  u  u  c128 u  u  c120 c160 u  u  u  u  c72 c80 c88 c96 c168 u  u  u  }
--3803-- summarise_context(loc_start = 0x1): cannot summarise(why=2):   
0x25: [0]={ 0(r7) { u  u  u  u  u  u  u  u  u  u  u  u  u  u  u  u  r5 u  u  u  }
--3803-- summarise_context(loc_start = 0x25): cannot summarise(why=2):   
0x4f: [0]={ 8(r7) { u  u  u  u  u  u  u  u  u  u  u  u  u  u  u  u  r5 u  u  u  }
--3803-- summarise_context(loc_start = 0x7e): cannot summarise(why=1):   
0x9b: [0]={ 0(r5) { u  u  u  c0 u  u  r9 r8 u  u  u  u  c16 c24 c32 c40 r1 u  u  u  }
==3803== Adding active redirection:
--3803--     new: 0x3a6bc350e0 (putenv              ) W-> (0000.0) 0x04a0a740 putenv
==3803== Adding active redirection:
--3803--     new: 0x3a6bc351f0 (unsetenv            ) W-> (0000.0) 0x04a0a690 unsetenv
==3803== Adding active redirection:
--3803--     new: 0x3a6bc35770 (setenv              ) W-> (0000.0) 0x04a0a560 setenv
==3803== Adding active redirection:
--3803--     new: 0x3a6bc75ad0 (malloc_usable_size  ) R-> (1017.0) 0x04a0533d malloc_usable_size
==3803== Adding active redirection:
--3803--     new: 0x3a6bc76a90 (malloc_set_state    ) R-> (1018.0) 0x04a06f16 malloc_set_state
==3803== Adding active redirection:
--3803--     new: 0x3a6bc76fd0 (mallinfo            ) R-> (1020.0) 0x04a05033 mallinfo
==3803== Adding active redirection:
--3803--     new: 0x3a6bc77e70 (malloc_stats        ) R-> (1019.0) 0x04a04df4 malloc_stats
==3803== Adding active redirection:
--3803--     new: 0x3a6bc780b0 (mallopt             ) R-> (1014.0) 0x04a04dc8 mallopt
==3803== Adding active redirection:
--3803--     new: 0x3a6bc7a280 (calloc              ) R-> (1007.0) 0x04a05717 calloc
==3803== Adding active redirection:
--3803--     new: 0x3a6bc7a640 (malloc              ) R-> (1001.0) 0x04a069ac malloc
==3803== Adding active redirection:
--3803--     new: 0x3a6bc7a870 (malloc_get_state    ) R-> (1018.0) 0x04a06f28 malloc_get_state
==3803== Adding active redirection:
--3803--     new: 0x3a6bc7ac90 (pvalloc             ) R-> (1018.0) 0x04a06f3a pvalloc
==3803== Adding active redirection:
--3803--     new: 0x3a6bc7af50 (valloc              ) R-> (1012.0) 0x04a07a1a valloc
==3803== Adding active redirection:
--3803--     new: 0x3a6bc7b1e0 (memalign            ) R-> (1011.0) 0x04a054db memalign
==3803== Adding active redirection:
--3803--     new: 0x3a6bc7b4b0 (posix_memalign      ) R-> (1016.0) 0x04a055fb posix_memalign
==3803== Adding active redirection:
--3803--     new: 0x3a6bc7b520 (free                ) R-> (1005.0) 0x04a063a9 free
==3803== Ignoring duplicate redirection:
--3803--     old: 0x3a6bc7b520 (free                ) R-> (1005.0) 0x04a063a9 free
--3803--     new: 0x3a6bc7b520 (free                ) R-> (1005.0) 0x04a061e7 cfree
==3803== Ignoring duplicate redirection:
--3803--     old: 0x3a6bc7b520 (free                ) R-> (1005.0) 0x04a063a9 free
--3803--     new: 0x3a6bc7b520 (free                ) R-> (1005.0) 0x04a061e7 cfree
==3803== Adding active redirection:
--3803--     new: 0x3a6bc7ba10 (realloc             ) R-> (1009.0) 0x04a06b57 realloc
==3803== Adding active redirection:
--3803--     new: 0x3a6bc7c7c0 (malloc_trim         ) R-> (1015.0) 0x04a04dde malloc_trim
==3803== Adding active redirection:
--3803--     new: 0x3a6bc7f470 (strcat              ) R-> (2003.0) 0x04a07c60 strcat
==3803== Ignoring duplicate redirection:
--3803--     old: 0x3a6bc7f470 (strcat              ) R-> (2003.0) 0x04a07c60 strcat
--3803--     new: 0x3a6bc7f470 (strcat              ) R-> (2003.0) 0x04a07d40 __GI_strcat
==3803== Adding active redirection:
--3803--     new: 0x3a6bc7f630 (index               ) R-> (2002.0) 0x04a07b40 index
==3803== Ignoring duplicate redirection:
--3803--     old: 0x3a6bc7f630 (index               ) R-> (2002.0) 0x04a07b40 index
--3803--     new: 0x3a6bc7f630 (index               ) R-> (2002.0) 0x04a07b10 strchr
==3803== Adding active redirection:
--3803--     new: 0x3a6bc7f660 (__GI_strchr         ) R-> (2002.0) 0x04a07b70 __GI_strchr
==3803== Adding active redirection:
--3803--     new: 0x3a6bc7f6e0 (strcmp              ) R-> (2016.0) 0x04a084d0 strcmp
==3803== Adding active redirection:
--3803--     new: 0x3a6bc7f720 (__GI_strcmp         ) R-> (2016.0) 0x04a08520 __GI_strcmp
==3803== Adding active redirection:
--3803--     new: 0x3a6bc80b70 (strcpy              ) R-> (2008.0) 0x04a07fd0 strcpy
==3803== Adding active redirection:
--3803--     new: 0x3a6bc80ba0 (__GI_strcpy         ) R-> (2008.0) 0x04a080a0 __GI_strcpy
==3803== Adding active redirection:
--3803--     new: 0x3a6bc80c80 (strcspn             ) R-> (2033.0) 0x04a0a2e0 strcspn
==3803== Adding active redirection:
--3803--     new: 0x3a6bc81120 (strlen              ) R-> (2007.0) 0x04a07f90 strlen
==3803== Adding active redirection:
--3803--     new: 0x3a6bc81160 (__GI_strlen         ) R-> (2007.0) 0x04a07fb0 __GI_strlen
==3803== Adding active redirection:
--3803--     new: 0x3a6bc81240 (strnlen             ) R-> (2006.0) 0x04a07f30 strnlen
==3803== Ignoring duplicate redirection:
--3803--     old: 0x3a6bc81240 (strnlen             ) R-> (2006.0) 0x04a07f30 strnlen
--3803--     new: 0x3a6bc81240 (strnlen             ) R-> (2006.0) 0x04a07f60 __GI_strnlen
==3803== Adding active redirection:
--3803--     new: 0x3a6bc812b0 (strncat             ) R-> (2004.0) 0x04a07e20 strncat
==3803== Adding active redirection:
--3803--     new: 0x3a6bc81350 (strncmp             ) R-> (2011.0) 0x04a08410 strncmp
==3803== Adding active redirection:
--3803--     new: 0x3a6bc81390 (__GI_strncmp        ) R-> (2011.0) 0x04a08470 __GI_strncmp
==3803== Adding active redirection:
--3803--     new: 0x3a6bc82be0 (strncpy             ) R-> (2009.0) 0x04a08170 strncpy
==3803== Adding active redirection:
--3803--     new: 0x3a6bc82c10 (rindex              ) R-> (2001.0) 0x04a07a80 rindex
==3803== Ignoring duplicate redirection:
--3803--     old: 0x3a6bc82c10 (rindex              ) R-> (2001.0) 0x04a07a80 rindex
--3803--     new: 0x3a6bc82c10 (rindex              ) R-> (2001.0) 0x04a07a50 strrchr
==3803== Adding active redirection:
--3803--     new: 0x3a6bc82c40 (__GI_strrchr        ) R-> (2001.0) 0x04a07ab0 __GI_strrchr
==3803== Adding active redirection:
--3803--     new: 0x3a6bc82ce0 (strpbrk             ) R-> (2032.0) 0x04a0a280 strpbrk
==3803== Adding active redirection:
--3803--     new: 0x3a6bc83080 (strspn              ) R-> (2034.0) 0x04a0a350 strspn
==3803== Adding active redirection:
--3803--     new: 0x3a6bc83350 (memchr              ) R-> (2017.0) 0x04a08610 memchr
==3803== Adding active redirection:
--3803--     new: 0x3a6bc833d0 (bcmp                ) R-> (2019.0) 0x04a09670 bcmp
==3803== Ignoring duplicate redirection:
--3803--     old: 0x3a6bc833d0 (bcmp                ) R-> (2019.0) 0x04a09670 bcmp
--3803--     new: 0x3a6bc833d0 (bcmp                ) R-> (2019.0) 0x04a09620 memcmp
==3803== Adding active redirection:
--3803--     new: 0x3a6bc83800 (memmove             ) R-> (2018.1) 0x04a09af0 memmove
==3803== Ignoring duplicate redirection:
--3803--     old: 0x3a6bc83800 (memmove             ) R-> (2018.1) 0x04a09af0 memmove
--3803--     new: 0x3a6bc83800 (memmove             ) R-> (2018.1) 0x04a09d20 __GI_memmove
==3803== Adding active redirection:
--3803--     new: 0x3a6bc839a0 (memset              ) R-> (2021.0) 0x04a09a50 memset
==3803== Adding active redirection:
--3803--     new: 0x3a6bc84500 (mempcpy             ) R-> (2029.0) 0x04a0a020 mempcpy
==3803== Adding active redirection:
--3803--     new: 0x3a6bc84960 (bcopy               ) R-> (2023.0) 0x04a09f50 bcopy
==3803== Adding active redirection:
--3803--     new: 0x3a6bc84b50 (stpcpy              ) R-> (2020.0) 0x04a09710 stpcpy
==3803== Adding active redirection:
--3803--     new: 0x3a6bc84b80 (__GI_stpcpy         ) R-> (2020.0) 0x04a097e0 __GI_stpcpy
==3803== Adding active redirection:
--3803--     new: 0x3a6bc84c90 (strcasecmp_l        ) R-> (2014.0) 0x04a0b220 strcasecmp_l
==3803== Ignoring duplicate redirection:
--3803--     old: 0x3a6bc84c90 (strcasecmp_l        ) R-> (2014.0) 0x04a0b220 strcasecmp_l
--3803--     new: 0x3a6bc84c90 (strcasecmp_l        ) R-> (2014.0) 0x04a0b1a0 __GI_strcasecmp_l
==3803== Adding active redirection:
--3803--     new: 0x3a6bc84cd0 (strcasecmp          ) R-> (2012.0) 0x04a0aae0 strcasecmp
==3803== Adding active redirection:
--3803--     new: 0x3a6bc84d20 (__GI___strcasecmp_l ) R-> (2014.0) 0x04a0b120 __GI___strcasecmp_l
==3803== Adding active redirection:
--3803--     new: 0x3a6bc86f50 (strncasecmp_l       ) R-> (2015.0) 0x04a0b050 strncasecmp_l
==3803== Ignoring duplicate redirection:
--3803--     old: 0x3a6bc86f50 (strncasecmp_l       ) R-> (2015.0) 0x04a0b050 strncasecmp_l
--3803--     new: 0x3a6bc86f50 (strncasecmp_l       ) R-> (2015.0) 0x04a0af80 __GI_strncasecmp_l
==3803== Adding active redirection:
--3803--     new: 0x3a6bc86f90 (strncasecmp         ) R-> (2013.0) 0x04a0a990 strncasecmp
==3803== Adding active redirection:
--3803--     new: 0x3a6bc86fe0 (__GI___strncasecmp_l) R-> (2015.0) 0x04a0aeb0 __GI___strncasecmp_l
==3803== Adding active redirection:
--3803--     new: 0x3a6bc89660 (__memcpy_chk        ) R-> (2030.0) 0x04a0ac70 __memcpy_chk
==3803== Adding active redirection:
--3803--     new: 0x3a6bc89670 (memcpy              ) R-> (2018.0) 0x04a08b60 memcpy
==3803== Adding active redirection:
--3803--     new: 0x3a6bc8aa70 (rawmemchr           ) R-> (2026.0) 0x04a09fe0 rawmemchr
==3803== Adding active redirection:
--3803--     new: 0x3a6bc8aaa0 (__GI___rawmemchr    ) R-> (2026.0) 0x04a0a000 __GI___rawmemchr
==3803== Adding active redirection:
--3803--     new: 0x3a6bc8aaf0 (strchrnul           ) R-> (2025.0) 0x04a09fb0 strchrnul
==3803== Adding active redirection:
--3803--     new: 0x3a6bc8da10 (memrchr             ) R-> (2036.0) 0x04a08640 memrchr
==3803== Adding active redirection:
--3803--     new: 0x3a6bc8dde0 (__GI_strncpy        ) R-> (2009.0) 0x04a082c0 __GI_strncpy
==3803== Adding active redirection:
--3803--     new: 0x3a6bc8e4c0 (strstr              ) R-> (2031.0) 0x04a0a200 strstr
==3803== Adding active redirection:
--3803--     new: 0x3a6bc8ee10 (strcasestr          ) R-> (2035.0) 0x04a0a7f0 strcasestr
==3803== Adding active redirection:
--3803--     new: 0x3a6bc90aa0 (wcschr              ) R-> (2040.0) 0x04a0a500 wcschr
==3803== Adding active redirection:
--3803--     new: 0x3a6bc90ac0 (wcscmp              ) R-> (2038.0) 0x04a0a3e0 wcscmp
==3803== Adding active redirection:
--3803--     new: 0x3a6bc90af0 (wcscpy              ) R-> (2039.0) 0x04a0a430 wcscpy
==3803== Adding active redirection:
--3803--     new: 0x3a6bc90bc0 (wcslen              ) R-> (2037.0) 0x04a0a3c0 wcslen
==3803== Adding active redirection:
--3803--     new: 0x3a6bc90f40 (wcsrchr             ) R-> (2041.0) 0x04a0a530 wcsrchr
==3803== Adding active redirection:
--3803--     new: 0x3a6bcfef50 (__memmove_chk       ) R-> (2024.0) 0x04a0ae20 __memmove_chk
==3803== Adding active redirection:
--3803--     new: 0x3a6bcff110 (__stpcpy_chk        ) R-> (2028.0) 0x04a0ad80 __stpcpy_chk
==3803== Adding active redirection:
--3803--     new: 0x3a6bcff2d0 (__strcpy_chk        ) R-> (2027.0) 0x04a0add0 __strcpy_chk
--3803-- REDIR: 0x3a6bc84cd0 (strcasecmp) redirected to 0x480155c (_vgnU_ifunc_wrapper)
==3803== Adding active redirection:
--3803--     new: 0x3a6bd2b340 (__strcasecmp_sse42  ) R-> (2012.0) 0x04a0aae0 strcasecmp
--3803-- REDIR: 0x3a6bc86f90 (strncasecmp) redirected to 0x480155c (_vgnU_ifunc_wrapper)
==3803== Adding active redirection:
--3803--     new: 0x3a6bd2cfe0 (__strncasecmp_sse42 ) R-> (2013.0) 0x04a0a990 strncasecmp
--3803-- REDIR: 0x3a6bc82c40 (__GI_strrchr) redirected to 0x4a07ab0 (__GI_strrchr)
--3803-- REDIR: 0x3a6bc7a640 (malloc) redirected to 0x4a069ac (malloc)
--3803-- REDIR: 0x3a6bc83350 (memchr) redirected to 0x4a08610 (memchr)
--3803-- REDIR: 0x3a6bc89670 (memcpy) redirected to 0x4a08b60 (memcpy)
--3803-- REDIR: 0x3a6bc7f630 (index) redirected to 0x480155c (_vgnU_ifunc_wrapper)
==3803== Adding active redirection:
--3803--     new: 0x3a6bd281f0 (__strchr_sse42      ) R-> (2002.0) 0x04a07b40 index
--3803-- REDIR: 0x3a6bd281f0 (__strchr_sse42) redirected to 0x4a07b40 (index)
==3803== Conditional jump or move depends on uninitialised value(s)
==3803==    at 0x4A07B5A: index (mc_replace_strmem.c:222)
==3803==    by 0x40114A: explode (main.c:210)
==3803==    by 0x400A5B: generate_input2 (main.c:71)
==3803==    by 0x401324: main (main.c:261)
==3803== 
==3803== Conditional jump or move depends on uninitialised value(s)
==3803==    at 0x4A07B5E: index (mc_replace_strmem.c:222)
==3803==    by 0x40114A: explode (main.c:210)
==3803==    by 0x400A5B: generate_input2 (main.c:71)
==3803==    by 0x401324: main (main.c:261)
==3803== 
--3803-- REDIR: 0x3a6bc7b520 (free) redirected to 0x4a063a9 (free)
--3803-- REDIR: 0x3a6bc8aaf0 (strchrnul) redirected to 0x4a09fb0 (strchrnul)
--3803-- REDIR: 0x3a6bc84500 (mempcpy) redirected to 0x4a0a020 (mempcpy)
--3803-- REDIR: 0x3a6bc81160 (__GI_strlen) redirected to 0x4a07fb0 (__GI_strlen)
--3803-- Caught __NR_exit; running __libc_freeres()
==3803== 
==3803== HEAP SUMMARY:
==3803==     in use at exit: 0 bytes in 0 blocks
==3803==   total heap usage: 69 allocs, 69 frees, 1,594 bytes allocated
==3803== 
==3803== All heap blocks were freed -- no leaks are possible
==3803== 
==3803== Use --track-origins=yes to see where uninitialised values come from
==3803== ERROR SUMMARY: 8 errors from 2 contexts (suppressed: 6 from 6)
==3803== 
==3803== 4 errors in context 1 of 2:
==3803== Conditional jump or move depends on uninitialised value(s)
==3803==    at 0x4A07B5E: index (mc_replace_strmem.c:222)
==3803==    by 0x40114A: explode (main.c:210)
==3803==    by 0x400A5B: generate_input2 (main.c:71)
==3803==    by 0x401324: main (main.c:261)
==3803== 
==3803== 
==3803== 4 errors in context 2 of 2:
==3803== Conditional jump or move depends on uninitialised value(s)
==3803==    at 0x4A07B5A: index (mc_replace_strmem.c:222)
==3803==    by 0x40114A: explode (main.c:210)
==3803==    by 0x400A5B: generate_input2 (main.c:71)
==3803==    by 0x401324: main (main.c:261)
==3803== 
--3803-- 
--3803-- used_suppression:      4 U1004-ARM-_dl_relocate_object
--3803-- used_suppression:      2 glibc-2.5.x-on-SUSE-10.2-(PPC)-2a
==3803== 
==3803== ERROR SUMMARY: 8 errors from 2 contexts (suppressed: 6 from 6)
